 Loading and exploring data...

üîç First few rows:
  iso_code  ... excess_mortality_cumulative_per_million
0      AFG  ...                                     NaN
1      AFG  ...                                     NaN
2      AFG  ...                                     NaN
3      AFG  ...                                     NaN
4      AFG  ...                                     NaN

[5 rows x 67 columns]

üìä Data columns:
['iso_code', 'continent', 'location', 'date', 'total_cases', 'new_cases', 'new_cases_smoothed', 'total_deaths', 'new_deaths', 'new_deaths_smoothed', 'total_cases_per_million', 'new_cases_per_million', 'new_cases_smoothed_per_million', 'total_deaths_per_million', 'new_deaths_per_million', 'new_deaths_smoothed_per_million', 'reproduction_rate', 'icu_patients', 'icu_patients_per_million', 'hosp_patients', 'hosp_patients_per_million', 'weekly_icu_admissions', 'weekly_icu_admissions_per_million', 'weekly_hosp_admissions', 'weekly_hosp_admissions_per_million', 'total_tests', 'new_tests', 'total_tests_per_thousand', 'new_tests_per_thousand', 'new_tests_smoothed', 'new_tests_smoothed_per_thousand', 'positive_rate', 'tests_per_case', 'tests_units', 'total_vaccinations', 'people_vaccinated', 'people_fully_vaccinated', 'total_boosters', 'new_vaccinations', 'new_vaccinations_smoothed', 'total_vaccinations_per_hundred', 'people_vaccinated_per_hundred', 'people_fully_vaccinated_per_hundred', 'total_boosters_per_hundred', 'new_vaccinations_smoothed_per_million', 'new_people_vaccinated_smoothed', 'new_people_vaccinated_smoothed_per_hundred', 'stringency_index', 'population_density', 'median_age', 'aged_65_older', 'aged_70_older', 'gdp_per_capita', 'extreme_poverty', 'cardiovasc_death_rate', 'diabetes_prevalence', 'female_smokers', 'male_smokers', 'handwashing_facilities', 'hospital_beds_per_thousand', 'life_expectancy', 'human_development_index', 'population', 'excess_mortality_cumulative_absolute', 'excess_mortality_cumulative', 'excess_mortality', 'excess_mortality_cumulative_per_million']

üßπ Missing values:
iso_code                                        0
continent                                   26525
location                                        0
date                                            0
total_cases                                 17631
                                            ...  
population                                      0
excess_mortality_cumulative_absolute       416024
excess_mortality_cumulative                416024
excess_mortality                           416024
excess_mortality_cumulative_per_million    416024
Length: 67, dtype: int64

2Ô∏è‚É£ Cleaning data...
/home/runner/workspace/Covid19/main.py:40: FutureWarning: DataFrame.fillna with 'method' is deprecated and will raise in a future version. Use obj.ffill() or obj.bfill() instead.
  df_cleaned[numeric_columns] = df_cleaned[numeric_columns].fillna(method='ffill')

3Ô∏è‚É£ Performing EDA...
Traceback (most recent call last):
  File "/home/runner/workspace/.pythonlibs/lib/python3.11/site-packages/matplotlib/style/core.py", line 129, in use
    style = _rc_params_in_file(style)
            ^^^^^^^^^^^^^^^^^^^^^^^^^
  File "/home/runner/workspace/.pythonlibs/lib/python3.11/site-packages/matplotlib/__init__.py", line 903, in _rc_params_in_file
    with _open_file_or_url(fname) as fd:
  File "/nix/store/clx0mcir7qw8zk36zbr4jra789g3knf6-python3-3.11.10/lib/python3.11/contextlib.py", line 137, in __enter__
    return next(self.gen)
           ^^^^^^^^^^^^^^
  File "/home/runner/workspace/.pythonlibs/lib/python3.11/site-packages/matplotlib/__init__.py", line 880, in _open_file_or_url
    with open(fname, encoding='utf-8') as f:
         ^^^^^^^^^^^^^^^^^^^^^^^^^^^^^
FileNotFoundError: [Errno 2] No such file or directory: 'seaborn'

The above exception was the direct cause of the following exception:

Traceback (most recent call last):
  File "/home/runner/workspace/Covid19/main.py", line 48, in <module>
    plt.style.use('seaborn')
  File "/home/runner/workspace/.pythonlibs/lib/python3.11/site-packages/matplotlib/style/core.py", line 131, in use
    raise OSError(
OSError: 'seaborn' is not a valid package style, path of style file, URL of style file, or library style name (library styles are listed in `style.available`)